#
# There is insufficient memory for the Java Runtime Environment to continue.
# Native memory allocation (malloc) failed to allocate 274576 bytes for Chunk::new
# Possible reasons:
#   The system is out of physical RAM or swap space
#   The process is running with CompressedOops enabled, and the Java Heap may be blocking the growth of the native heap
# Possible solutions:
#   Reduce memory load on the system
#   Increase physical memory or swap space
#   Check if swap backing store is full
#   Decrease Java heap size (-Xmx/-Xms)
#   Decrease number of Java threads
#   Decrease Java thread stack sizes (-Xss)
#   Set larger code cache with -XX:ReservedCodeCacheSize=
#   JVM is running with Unscaled Compressed Oops mode in which the Java heap is
#     placed in the first 4GB address space. The Java Heap base address is the
#     maximum limit for the native heap growth. Please use -XX:HeapBaseMinAddress
#     to set the Java Heap base and to place the Java Heap above 4GB virtual address.
# This output file may be truncated or incomplete.
#
#  Out of Memory Error (arena.cpp:166), pid=5792, tid=13220
#
# JRE version: OpenJDK Runtime Environment Temurin-21+35 (21.0+35) (build 21+35-LTS)
# Java VM: OpenJDK 64-Bit Server VM Temurin-21+35 (21+35-LTS, mixed mode, sharing, tiered, compressed oops, compressed class ptrs, g1 gc, windows-amd64)
# No core dump will be written. Minidumps are not enabled by default on client versions of Windows
#

---------------  S U M M A R Y ------------

Command Line: -Dfile.encoding=UTF-8 --module-path=C:\Users\USER\OneDrive\Desktop\NetBeansProjects\registration\build\classes Main

Host: 12th Gen Intel(R) Core(TM) i5-1235U, 12 cores, 7G,  Windows 11 , 64 bit Build 22621 (10.0.22621.2428)
Time: Fri Nov 24 10:14:48 2023 South Africa Standard Time elapsed time: 6.075410 seconds (0d 0h 0m 6s)

---------------  T H R E A D  ---------------

Current thread (0x000002107f0c6b80):  JavaThread "C2 CompilerThread0" daemon [_thread_in_native, id=13220, stack(0x0000002ba2300000,0x0000002ba2400000) (1024K)]


Current CompileTask:
C2:   6075 1261 %     4       sun.java2d.marlin.MarlinCache::copyAARowRLE_WithBlockFlags @ 269 (733 bytes)

Stack: [0x0000002ba2300000,0x0000002ba2400000]
Native frames: (J=compiled Java code, j=interpreted, Vv=VM code, C=native code)
V  [jvm.dll+0x6c74b9]
V  [jvm.dll+0x8a1501]
V  [jvm.dll+0x8a393e]
V  [jvm.dll+0x8a4003]
V  [jvm.dll+0x27f6e6]
V  [jvm.dll+0xc494d]
V  [jvm.dll+0xc4e63]
V  [jvm.dll+0x3b352c]
V  [jvm.dll+0x1e0d09]
V  [jvm.dll+0x247d82]
V  [jvm.dll+0x24720f]
V  [jvm.dll+0x1c89c1]
V  [jvm.dll+0x2569a9]
V  [jvm.dll+0x254f7a]
V  [jvm.dll+0x3eca56]
V  [jvm.dll+0x84aabb]
V  [jvm.dll+0x6c5bed]
C  [ucrtbase.dll+0x29363]
C  [KERNEL32.DLL+0x1257d]
C  [ntdll.dll+0x5aa78]


---------------  P R O C E S S  ---------------

Threads class SMR info:
_java_thread_list=0x000002104a5c8ad0, length=16, elements={
0x000002107f0b7730, 0x000002107f0b9300, 0x000002107f0bc2a0, 0x000002107f0bd190,
0x000002107f0be390, 0x000002107f0bf6c0, 0x000002107f0c6b80, 0x000002107f0cbf10,
0x00000210490bb970, 0x0000021049179780, 0x0000021049247930, 0x000002104924bfb0,
0x000002104924c620, 0x00000210493fe4e0, 0x0000021063e45f30, 0x000002104a5c7890
}

Java Threads: ( => current thread )
  0x000002107f0b7730 JavaThread "Reference Handler"          daemon [_thread_blocked, id=8288, stack(0x0000002ba1d00000,0x0000002ba1e00000) (1024K)]
  0x000002107f0b9300 JavaThread "Finalizer"                  daemon [_thread_blocked, id=9060, stack(0x0000002ba1e00000,0x0000002ba1f00000) (1024K)]
  0x000002107f0bc2a0 JavaThread "Signal Dispatcher"          daemon [_thread_blocked, id=9556, stack(0x0000002ba1f00000,0x0000002ba2000000) (1024K)]
  0x000002107f0bd190 JavaThread "Attach Listener"            daemon [_thread_blocked, id=12176, stack(0x0000002ba2000000,0x0000002ba2100000) (1024K)]
  0x000002107f0be390 JavaThread "Service Thread"             daemon [_thread_blocked, id=5532, stack(0x0000002ba2100000,0x0000002ba2200000) (1024K)]
  0x000002107f0bf6c0 JavaThread "Monitor Deflation Thread"   daemon [_thread_blocked, id=10848, stack(0x0000002ba2200000,0x0000002ba2300000) (1024K)]
=>0x000002107f0c6b80 JavaThread "C2 CompilerThread0"         daemon [_thread_in_native, id=13220, stack(0x0000002ba2300000,0x0000002ba2400000) (1024K)]
  0x000002107f0cbf10 JavaThread "C1 CompilerThread0"         daemon [_thread_blocked, id=13604, stack(0x0000002ba2400000,0x0000002ba2500000) (1024K)]
  0x00000210490bb970 JavaThread "Common-Cleaner"             daemon [_thread_blocked, id=5056, stack(0x0000002ba2500000,0x0000002ba2600000) (1024K)]
  0x0000021049179780 JavaThread "Notification Thread"        daemon [_thread_blocked, id=8928, stack(0x0000002ba2600000,0x0000002ba2700000) (1024K)]
  0x0000021049247930 JavaThread "Java2D Disposer"            daemon [_thread_blocked, id=9852, stack(0x0000002ba2800000,0x0000002ba2900000) (1024K)]
  0x000002104924bfb0 JavaThread "AWT-Shutdown"                      [_thread_blocked, id=2756, stack(0x0000002ba2900000,0x0000002ba2a00000) (1024K)]
  0x000002104924c620 JavaThread "AWT-Windows"                daemon [_thread_in_native, id=1468, stack(0x0000002ba2a00000,0x0000002ba2b00000) (1024K)]
  0x00000210493fe4e0 JavaThread "AWT-EventQueue-0"                  [_thread_blocked, id=2620, stack(0x0000002ba2b00000,0x0000002ba2c00000) (1024K)]
  0x0000021063e45f30 JavaThread "DestroyJavaVM"                     [_thread_blocked, id=8164, stack(0x0000002ba1500000,0x0000002ba1600000) (1024K)]
  0x000002104a5c7890 JavaThread "TimerQueue"                 daemon [_thread_blocked, id=5416, stack(0x0000002ba2700000,0x0000002ba2800000) (1024K)]
Total: 16

Other Threads:
  0x000002107f099670 VMThread "VM Thread"                           [id=3772, stack(0x0000002ba1c00000,0x0000002ba1d00000) (1024K)]
  0x000002107f07d610 WatcherThread "VM Periodic Task Thread"        [id=14352, stack(0x0000002ba1b00000,0x0000002ba1c00000) (1024K)]
  0x00000210660f3560 WorkerThread "GC Thread#0"                     [id=7400, stack(0x0000002ba1600000,0x0000002ba1700000) (1024K)]
  0x0000021066104e80 ConcurrentGCThread "G1 Main Marker"            [id=13876, stack(0x0000002ba1700000,0x0000002ba1800000) (1024K)]
  0x0000021066106120 WorkerThread "G1 Conc#0"                       [id=8604, stack(0x0000002ba1800000,0x0000002ba1900000) (1024K)]
  0x000002107ef524d0 ConcurrentGCThread "G1 Refine#0"               [id=372, stack(0x0000002ba1900000,0x0000002ba1a00000) (1024K)]
  0x000002107ef53040 ConcurrentGCThread "G1 Service"                [id=4848, stack(0x0000002ba1a00000,0x0000002ba1b00000) (1024K)]
Total: 7

Threads with active compile tasks:
C2 CompilerThread0     6092 1261 %     4       sun.java2d.marlin.MarlinCache::copyAARowRLE_WithBlockFlags @ 269 (733 bytes)
Total: 1

VM state: not at safepoint (normal execution)

VM Mutex/Monitor currently owned by a thread: None

Heap address: 0x0000000084400000, size: 1980 MB, Compressed Oops mode: 32-bit

CDS archive(s) mapped at: [0x0000021004000000-0x0000021004c90000-0x0000021004c90000), size 13172736, SharedBaseAddress: 0x0000021004000000, ArchiveRelocationMode: 1.
Compressed class space mapped at: 0x0000021005000000-0x0000021045000000, reserved size: 1073741824
Narrow klass base: 0x0000021004000000, Narrow klass shift: 0, Narrow klass range: 0x100000000

GC Precious Log:
 CardTable entry size: 512
 Card Set container configuration: InlinePtr #cards 5 size 8 Array Of Cards #cards 12 size 40 Howl #buckets 4 coarsen threshold 1843 Howl Bitmap #cards 512 size 80 coarsen threshold 460 Card regions per heap region 1 cards per card region 2048
 CPUs: 12 total, 12 available
 Memory: 7916M
 Large Page Support: Disabled
 NUMA Support: Disabled
 Compressed Oops: Enabled (32-bit)
 Heap Region Size: 1M
 Heap Min Capacity: 8M
 Heap Initial Capacity: 124M
 Heap Max Capacity: 1980M
 Pre-touch: Disabled
 Parallel Workers: 10
 Concurrent Workers: 3
 Concurrent Refinement Workers: 10
 Periodic GC: Disabled

Heap:
 garbage-first heap   total 126976K, used 14336K [0x0000000084400000, 0x0000000100000000)
  region size 1024K, 13 young (13312K), 0 survivors (0K)
 Metaspace       used 11165K, committed 11392K, reserved 1114112K
  class space    used 1282K, committed 1408K, reserved 1048576K

Heap Regions: E=young(eden), S=young(survivor), O=old, HS=humongous(starts), HC=humongous(continues), CS=collection set, F=free, TAMS=top-at-mark-start, PB=parsable bottom
|   0|0x0000000084400000, 0x0000000084500000, 0x0000000084500000|100%|HS|  |TAMS 0x0000000084400000| PB 0x0000000084400000| Complete 
|   1|0x0000000084500000, 0x0000000084600000, 0x0000000084600000|100%|HC|  |TAMS 0x0000000084500000| PB 0x0000000084500000| Complete 
|   2|0x0000000084600000, 0x0000000084600000, 0x0000000084700000|  0%| F|  |TAMS 0x0000000084600000| PB 0x0000000084600000| Untracked 
|   3|0x0000000084700000, 0x0000000084700000, 0x0000000084800000|  0%| F|  |TAMS 0x0000000084700000| PB 0x0000000084700000| Untracked 
|   4|0x0000000084800000, 0x0000000084800000, 0x0000000084900000|  0%| F|  |TAMS 0x0000000084800000| PB 0x0000000084800000| Untracked 
|   5|0x0000000084900000, 0x0000000084900000, 0x0000000084a00000|  0%| F|  |TAMS 0x0000000084900000| PB 0x0000000084900000| Untracked 
|   6|0x0000000084a00000, 0x0000000084a00000, 0x0000000084b00000|  0%| F|  |TAMS 0x0000000084a00000| PB 0x0000000084a00000| Untracked 
|   7|0x0000000084b00000, 0x0000000084b00000, 0x0000000084c00000|  0%| F|  |TAMS 0x0000000084b00000| PB 0x0000000084b00000| Untracked 
|   8|0x0000000084c00000, 0x0000000084c00000, 0x0000000084d00000|  0%| F|  |TAMS 0x0000000084c00000| PB 0x0000000084c00000| Untracked 
|   9|0x0000000084d00000, 0x0000000084d00000, 0x0000000084e00000|  0%| F|  |TAMS 0x0000000084d00000| PB 0x0000000084d00000| Untracked 
|  10|0x0000000084e00000, 0x0000000084e00000, 0x0000000084f00000|  0%| F|  |TAMS 0x0000000084e00000| PB 0x0000000084e00000| Untracked 
|  11|0x0000000084f00000, 0x0000000084f00000, 0x0000000085000000|  0%| F|  |TAMS 0x0000000084f00000| PB 0x0000000084f00000| Untracked 
|  12|0x0000000085000000, 0x0000000085000000, 0x0000000085100000|  0%| F|  |TAMS 0x0000000085000000| PB 0x0000000085000000| Untracked 
|  13|0x0000000085100000, 0x0000000085100000, 0x0000000085200000|  0%| F|  |TAMS 0x0000000085100000| PB 0x0000000085100000| Untracked 
|  14|0x0000000085200000, 0x0000000085200000, 0x0000000085300000|  0%| F|  |TAMS 0x0000000085200000| PB 0x0000000085200000| Untracked 
|  15|0x0000000085300000, 0x0000000085300000, 0x0000000085400000|  0%| F|  |TAMS 0x0000000085300000| PB 0x0000000085300000| Untracked 
|  16|0x0000000085400000, 0x0000000085400000, 0x0000000085500000|  0%| F|  |TAMS 0x0000000085400000| PB 0x0000000085400000| Untracked 
|  17|0x0000000085500000, 0x0000000085500000, 0x0000000085600000|  0%| F|  |TAMS 0x0000000085500000| PB 0x0000000085500000| Untracked 
|  18|0x0000000085600000, 0x0000000085600000, 0x0000000085700000|  0%| F|  |TAMS 0x0000000085600000| PB 0x0000000085600000| Untracked 
|  19|0x0000000085700000, 0x0000000085700000, 0x0000000085800000|  0%| F|  |TAMS 0x0000000085700000| PB 0x0000000085700000| Untracked 
|  20|0x0000000085800000, 0x0000000085800000, 0x0000000085900000|  0%| F|  |TAMS 0x0000000085800000| PB 0x0000000085800000| Untracked 
|  21|0x0000000085900000, 0x0000000085900000, 0x0000000085a00000|  0%| F|  |TAMS 0x0000000085900000| PB 0x0000000085900000| Untracked 
|  22|0x0000000085a00000, 0x0000000085a00000, 0x0000000085b00000|  0%| F|  |TAMS 0x0000000085a00000| PB 0x0000000085a00000| Untracked 
|  23|0x0000000085b00000, 0x0000000085b00000, 0x0000000085c00000|  0%| F|  |TAMS 0x0000000085b00000| PB 0x0000000085b00000| Untracked 
|  24|0x0000000085c00000, 0x0000000085c00000, 0x0000000085d00000|  0%| F|  |TAMS 0x0000000085c00000| PB 0x0000000085c00000| Untracked 
|  25|0x0000000085d00000, 0x0000000085d00000, 0x0000000085e00000|  0%| F|  |TAMS 0x0000000085d00000| PB 0x0000000085d00000| Untracked 
|  26|0x0000000085e00000, 0x0000000085e00000, 0x0000000085f00000|  0%| F|  |TAMS 0x0000000085e00000| PB 0x0000000085e00000| Untracked 
|  27|0x0000000085f00000, 0x0000000085f00000, 0x0000000086000000|  0%| F|  |TAMS 0x0000000085f00000| PB 0x0000000085f00000| Untracked 
|  28|0x0000000086000000, 0x0000000086000000, 0x0000000086100000|  0%| F|  |TAMS 0x0000000086000000| PB 0x0000000086000000| Untracked 
|  29|0x0000000086100000, 0x0000000086100000, 0x0000000086200000|  0%| F|  |TAMS 0x0000000086100000| PB 0x0000000086100000| Untracked 
|  30|0x0000000086200000, 0x0000000086200000, 0x0000000086300000|  0%| F|  |TAMS 0x0000000086200000| PB 0x0000000086200000| Untracked 
|  31|0x0000000086300000, 0x0000000086300000, 0x0000000086400000|  0%| F|  |TAMS 0x0000000086300000| PB 0x0000000086300000| Untracked 
|  32|0x0000000086400000, 0x0000000086400000, 0x0000000086500000|  0%| F|  |TAMS 0x0000000086400000| PB 0x0000000086400000| Untracked 
|  33|0x0000000086500000, 0x0000000086500000, 0x0000000086600000|  0%| F|  |TAMS 0x0000000086500000| PB 0x0000000086500000| Untracked 
|  34|0x0000000086600000, 0x0000000086600000, 0x0000000086700000|  0%| F|  |TAMS 0x0000000086600000| PB 0x0000000086600000| Untracked 
|  35|0x0000000086700000, 0x0000000086700000, 0x0000000086800000|  0%| F|  |TAMS 0x0000000086700000| PB 0x0000000086700000| Untracked 
|  36|0x0000000086800000, 0x0000000086800000, 0x0000000086900000|  0%| F|  |TAMS 0x0000000086800000| PB 0x0000000086800000| Untracked 
|  37|0x0000000086900000, 0x0000000086900000, 0x0000000086a00000|  0%| F|  |TAMS 0x0000000086900000| PB 0x0000000086900000| Untracked 
|  38|0x0000000086a00000, 0x0000000086a00000, 0x0000000086b00000|  0%| F|  |TAMS 0x0000000086a00000| PB 0x0000000086a00000| Untracked 
|  39|0x0000000086b00000, 0x0000000086b00000, 0x0000000086c00000|  0%| F|  |TAMS 0x0000000086b00000| PB 0x0000000086b00000| Untracked 
|  40|0x0000000086c00000, 0x0000000086c00000, 0x0000000086d00000|  0%| F|  |TAMS 0x0000000086c00000| PB 0x0000000086c00000| Untracked 
|  41|0x0000000086d00000, 0x0000000086d00000, 0x0000000086e00000|  0%| F|  |TAMS 0x0000000086d00000| PB 0x0000000086d00000| Untracked 
|  42|0x0000000086e00000, 0x0000000086e00000, 0x0000000086f00000|  0%| F|  |TAMS 0x0000000086e00000| PB 0x0000000086e00000| Untracked 
|  43|0x0000000086f00000, 0x0000000086f00000, 0x0000000087000000|  0%| F|  |TAMS 0x0000000086f00000| PB 0x0000000086f00000| Untracked 
|  44|0x0000000087000000, 0x0000000087000000, 0x0000000087100000|  0%| F|  |TAMS 0x0000000087000000| PB 0x0000000087000000| Untracked 
|  45|0x0000000087100000, 0x0000000087100000, 0x0000000087200000|  0%| F|  |TAMS 0x0000000087100000| PB 0x0000000087100000| Untracked 
|  46|0x0000000087200000, 0x0000000087200000, 0x0000000087300000|  0%| F|  |TAMS 0x0000000087200000| PB 0x0000000087200000| Untracked 
|  47|0x0000000087300000, 0x0000000087300000, 0x0000000087400000|  0%| F|  |TAMS 0x0000000087300000| PB 0x0000000087300000| Untracked 
|  48|0x0000000087400000, 0x0000000087400000, 0x0000000087500000|  0%| F|  |TAMS 0x0000000087400000| PB 0x0000000087400000| Untracked 
|  49|0x0000000087500000, 0x0000000087500000, 0x0000000087600000|  0%| F|  |TAMS 0x0000000087500000| PB 0x0000000087500000| Untracked 
|  50|0x0000000087600000, 0x0000000087600000, 0x0000000087700000|  0%| F|  |TAMS 0x0000000087600000| PB 0x0000000087600000| Untracked 
|  51|0x0000000087700000, 0x0000000087700000, 0x0000000087800000|  0%| F|  |TAMS 0x0000000087700000| PB 0x0000000087700000| Untracked 
|  52|0x0000000087800000, 0x0000000087800000, 0x0000000087900000|  0%| F|  |TAMS 0x0000000087800000| PB 0x0000000087800000| Untracked 
|  53|0x0000000087900000, 0x0000000087900000, 0x0000000087a00000|  0%| F|  |TAMS 0x0000000087900000| PB 0x0000000087900000| Untracked 
|  54|0x0000000087a00000, 0x0000000087a00000, 0x0000000087b00000|  0%| F|  |TAMS 0x0000000087a00000| PB 0x0000000087a00000| Untracked 
|  55|0x0000000087b00000, 0x0000000087b00000, 0x0000000087c00000|  0%| F|  |TAMS 0x0000000087b00000| PB 0x0000000087b00000| Untracked 
|  56|0x0000000087c00000, 0x0000000087c00000, 0x0000000087d00000|  0%| F|  |TAMS 0x0000000087c00000| PB 0x0000000087c00000| Untracked 
|  57|0x0000000087d00000, 0x0000000087d00000, 0x0000000087e00000|  0%| F|  |TAMS 0x0000000087d00000| PB 0x0000000087d00000| Untracked 
|  58|0x0000000087e00000, 0x0000000087e00000, 0x0000000087f00000|  0%| F|  |TAMS 0x0000000087e00000| PB 0x0000000087e00000| Untracked 
|  59|0x0000000087f00000, 0x0000000087f00000, 0x0000000088000000|  0%| F|  |TAMS 0x0000000087f00000| PB 0x0000000087f00000| Untracked 
|  60|0x0000000088000000, 0x0000000088000000, 0x0000000088100000|  0%| F|  |TAMS 0x0000000088000000| PB 0x0000000088000000| Untracked 
|  61|0x0000000088100000, 0x0000000088100000, 0x0000000088200000|  0%| F|  |TAMS 0x0000000088100000| PB 0x0000000088100000| Untracked 
|  62|0x0000000088200000, 0x0000000088200000, 0x0000000088300000|  0%| F|  |TAMS 0x0000000088200000| PB 0x0000000088200000| Untracked 
|  63|0x0000000088300000, 0x0000000088300000, 0x0000000088400000|  0%| F|  |TAMS 0x0000000088300000| PB 0x0000000088300000| Untracked 
|  64|0x0000000088400000, 0x0000000088400000, 0x0000000088500000|  0%| F|  |TAMS 0x0000000088400000| PB 0x0000000088400000| Untracked 
|  65|0x0000000088500000, 0x0000000088500000, 0x0000000088600000|  0%| F|  |TAMS 0x0000000088500000| PB 0x0000000088500000| Untracked 
|  66|0x0000000088600000, 0x0000000088600000, 0x0000000088700000|  0%| F|  |TAMS 0x0000000088600000| PB 0x0000000088600000| Untracked 
|  67|0x0000000088700000, 0x0000000088700000, 0x0000000088800000|  0%| F|  |TAMS 0x0000000088700000| PB 0x0000000088700000| Untracked 
|  68|0x0000000088800000, 0x0000000088800000, 0x0000000088900000|  0%| F|  |TAMS 0x0000000088800000| PB 0x0000000088800000| Untracked 
|  69|0x0000000088900000, 0x0000000088900000, 0x0000000088a00000|  0%| F|  |TAMS 0x0000000088900000| PB 0x0000000088900000| Untracked 
|  70|0x0000000088a00000, 0x0000000088a00000, 0x0000000088b00000|  0%| F|  |TAMS 0x0000000088a00000| PB 0x0000000088a00000| Untracked 
|  71|0x0000000088b00000, 0x0000000088b00000, 0x0000000088c00000|  0%| F|  |TAMS 0x0000000088b00000| PB 0x0000000088b00000| Untracked 
|  72|0x0000000088c00000, 0x0000000088c00000, 0x0000000088d00000|  0%| F|  |TAMS 0x0000000088c00000| PB 0x0000000088c00000| Untracked 
|  73|0x0000000088d00000, 0x0000000088d00000, 0x0000000088e00000|  0%| F|  |TAMS 0x0000000088d00000| PB 0x0000000088d00000| Untracked 
|  74|0x0000000088e00000, 0x0000000088e00000, 0x0000000088f00000|  0%| F|  |TAMS 0x0000000088e00000| PB 0x0000000088e00000| Untracked 
|  75|0x0000000088f00000, 0x0000000088f00000, 0x0000000089000000|  0%| F|  |TAMS 0x0000000088f00000| PB 0x0000000088f00000| Untracked 
|  76|0x0000000089000000, 0x0000000089000000, 0x0000000089100000|  0%| F|  |TAMS 0x0000000089000000| PB 0x0000000089000000| Untracked 
|  77|0x0000000089100000, 0x0000000089100000, 0x0000000089200000|  0%| F|  |TAMS 0x0000000089100000| PB 0x0000000089100000| Untracked 
|  78|0x0000000089200000, 0x0000000089200000, 0x0000000089300000|  0%| F|  |TAMS 0x0000000089200000| PB 0x0000000089200000| Untracked 
|  79|0x0000000089300000, 0x0000000089300000, 0x0000000089400000|  0%| F|  |TAMS 0x0000000089300000| PB 0x0000000089300000| Untracked 
|  80|0x0000000089400000, 0x0000000089400000, 0x0000000089500000|  0%| F|  |TAMS 0x0000000089400000| PB 0x0000000089400000| Untracked 
|  81|0x0000000089500000, 0x0000000089500000, 0x0000000089600000|  0%| F|  |TAMS 0x0000000089500000| PB 0x0000000089500000| Untracked 
|  82|0x0000000089600000, 0x0000000089600000, 0x0000000089700000|  0%| F|  |TAMS 0x0000000089600000| PB 0x0000000089600000| Untracked 
|  83|0x0000000089700000, 0x0000000089700000, 0x0000000089800000|  0%| F|  |TAMS 0x0000000089700000| PB 0x0000000089700000| Untracked 
|  84|0x0000000089800000, 0x0000000089800000, 0x0000000089900000|  0%| F|  |TAMS 0x0000000089800000| PB 0x0000000089800000| Untracked 
|  85|0x0000000089900000, 0x0000000089900000, 0x0000000089a00000|  0%| F|  |TAMS 0x0000000089900000| PB 0x0000000089900000| Untracked 
|  86|0x0000000089a00000, 0x0000000089a00000, 0x0000000089b00000|  0%| F|  |TAMS 0x0000000089a00000| PB 0x0000000089a00000| Untracked 
|  87|0x0000000089b00000, 0x0000000089b00000, 0x0000000089c00000|  0%| F|  |TAMS 0x0000000089b00000| PB 0x0000000089b00000| Untracked 
|  88|0x0000000089c00000, 0x0000000089c00000, 0x0000000089d00000|  0%| F|  |TAMS 0x0000000089c00000| PB 0x0000000089c00000| Untracked 
|  89|0x0000000089d00000, 0x0000000089d00000, 0x0000000089e00000|  0%| F|  |TAMS 0x0000000089d00000| PB 0x0000000089d00000| Untracked 
|  90|0x0000000089e00000, 0x0000000089e00000, 0x0000000089f00000|  0%| F|  |TAMS 0x0000000089e00000| PB 0x0000000089e00000| Untracked 
|  91|0x0000000089f00000, 0x0000000089f00000, 0x000000008a000000|  0%| F|  |TAMS 0x0000000089f00000| PB 0x0000000089f00000| Untracked 
|  92|0x000000008a000000, 0x000000008a000000, 0x000000008a100000|  0%| F|  |TAMS 0x000000008a000000| PB 0x000000008a000000| Untracked 
|  93|0x000000008a100000, 0x000000008a100000, 0x000000008a200000|  0%| F|  |TAMS 0x000000008a100000| PB 0x000000008a100000| Untracked 
|  94|0x000000008a200000, 0x000000008a200000, 0x000000008a300000|  0%| F|  |TAMS 0x000000008a200000| PB 0x000000008a200000| Untracked 
|  95|0x000000008a300000, 0x000000008a300000, 0x000000008a400000|  0%| F|  |TAMS 0x000000008a300000| PB 0x000000008a300000| Untracked 
|  96|0x000000008a400000, 0x000000008a400000, 0x000000008a500000|  0%| F|  |TAMS 0x000000008a400000| PB 0x000000008a400000| Untracked 
|  97|0x000000008a500000, 0x000000008a500000, 0x000000008a600000|  0%| F|  |TAMS 0x000000008a500000| PB 0x000000008a500000| Untracked 
|  98|0x000000008a600000, 0x000000008a600000, 0x000000008a700000|  0%| F|  |TAMS 0x000000008a600000| PB 0x000000008a600000| Untracked 
|  99|0x000000008a700000, 0x000000008a700000, 0x000000008a800000|  0%| F|  |TAMS 0x000000008a700000| PB 0x000000008a700000| Untracked 
| 100|0x000000008a800000, 0x000000008a800000, 0x000000008a900000|  0%| F|  |TAMS 0x000000008a800000| PB 0x000000008a800000| Untracked 
| 101|0x000000008a900000, 0x000000008a900000, 0x000000008aa00000|  0%| F|  |TAMS 0x000000008a900000| PB 0x000000008a900000| Untracked 
| 102|0x000000008aa00000, 0x000000008aa00000, 0x000000008ab00000|  0%| F|  |TAMS 0x000000008aa00000| PB 0x000000008aa00000| Untracked 
| 103|0x000000008ab00000, 0x000000008ab00000, 0x000000008ac00000|  0%| F|  |TAMS 0x000000008ab00000| PB 0x000000008ab00000| Untracked 
| 104|0x000000008ac00000, 0x000000008ac00000, 0x000000008ad00000|  0%| F|  |TAMS 0x000000008ac00000| PB 0x000000008ac00000| Untracked 
| 105|0x000000008ad00000, 0x000000008ad00000, 0x000000008ae00000|  0%| F|  |TAMS 0x000000008ad00000| PB 0x000000008ad00000| Untracked 
| 106|0x000000008ae00000, 0x000000008ae00000, 0x000000008af00000|  0%| F|  |TAMS 0x000000008ae00000| PB 0x000000008ae00000| Untracked 
| 107|0x000000008af00000, 0x000000008af00000, 0x000000008b000000|  0%| F|  |TAMS 0x000000008af00000| PB 0x000000008af00000| Untracked 
| 108|0x000000008b000000, 0x000000008b000000, 0x000000008b100000|  0%| F|  |TAMS 0x000000008b000000| PB 0x000000008b000000| Untracked 
| 109|0x000000008b100000, 0x000000008b100000, 0x000000008b200000|  0%| F|  |TAMS 0x000000008b100000| PB 0x000000008b100000| Untracked 
| 110|0x000000008b200000, 0x000000008b200000, 0x000000008b300000|  0%| F|  |TAMS 0x000000008b200000| PB 0x000000008b200000| Untracked 
| 111|0x000000008b300000, 0x000000008b382a28, 0x000000008b400000| 51%| E|  |TAMS 0x000000008b300000| PB 0x000000008b300000| Complete 
| 112|0x000000008b400000, 0x000000008b500000, 0x000000008b500000|100%| E|CS|TAMS 0x000000008b400000| PB 0x000000008b400000| Complete 
| 113|0x000000008b500000, 0x000000008b600000, 0x000000008b600000|100%| E|CS|TAMS 0x000000008b500000| PB 0x000000008b500000| Complete 
| 114|0x000000008b600000, 0x000000008b700000, 0x000000008b700000|100%| E|CS|TAMS 0x000000008b600000| PB 0x000000008b600000| Complete 
| 115|0x000000008b700000, 0x000000008b800000, 0x000000008b800000|100%| E|CS|TAMS 0x000000008b700000| PB 0x000000008b700000| Complete 
| 116|0x000000008b800000, 0x000000008b900000, 0x000000008b900000|100%| E|CS|TAMS 0x000000008b800000| PB 0x000000008b800000| Complete 
| 117|0x000000008b900000, 0x000000008ba00000, 0x000000008ba00000|100%| E|CS|TAMS 0x000000008b900000| PB 0x000000008b900000| Complete 
| 118|0x000000008ba00000, 0x000000008bb00000, 0x000000008bb00000|100%| E|CS|TAMS 0x000000008ba00000| PB 0x000000008ba00000| Complete 
| 119|0x000000008bb00000, 0x000000008bc00000, 0x000000008bc00000|100%| E|CS|TAMS 0x000000008bb00000| PB 0x000000008bb00000| Complete 
| 120|0x000000008bc00000, 0x000000008bd00000, 0x000000008bd00000|100%| E|CS|TAMS 0x000000008bc00000| PB 0x000000008bc00000| Complete 
| 121|0x000000008bd00000, 0x000000008be00000, 0x000000008be00000|100%| E|CS|TAMS 0x000000008bd00000| PB 0x000000008bd00000| Complete 
| 122|0x000000008be00000, 0x000000008bf00000, 0x000000008bf00000|100%| E|CS|TAMS 0x000000008be00000| PB 0x000000008be00000| Complete 
| 123|0x000000008bf00000, 0x000000008c000000, 0x000000008c000000|100%| E|CS|TAMS 0x000000008bf00000| PB 0x000000008bf00000| Complete 

Card table byte_map: [0x000002107e090000,0x000002107e470000] _byte_map_base: 0x000002107dc6e000

Marking Bits: (CMBitMap*) 0x00000210660f3c60
 Bits: [0x0000021000000000, 0x0000021001ef0000)

Polling page: 0x0000021065870000

Metaspace:

Usage:
  Non-class:      9.65 MB used.
      Class:      1.25 MB used.
       Both:     10.90 MB used.

Virtual space:
  Non-class space:       64.00 MB reserved,       9.75 MB ( 15%) committed,  1 nodes.
      Class space:        1.00 GB reserved,       1.38 MB ( <1%) committed,  1 nodes.
             Both:        1.06 GB reserved,      11.12 MB (  1%) committed. 

Chunk freelists:
   Non-Class:  6.00 MB
       Class:  14.61 MB
        Both:  20.61 MB

MaxMetaspaceSize: unlimited
CompressedClassSpaceSize: 1.00 GB
Initial GC threshold: 21.00 MB
Current GC threshold: 21.00 MB
CDS: on
 - commit_granule_bytes: 65536.
 - commit_granule_words: 8192.
 - virtual_space_node_default_size: 8388608.
 - enlarge_chunks_in_place: 1.
 - use_allocation_guard: 0.


Internal statistics:

num_allocs_failed_limit: 0.
num_arena_births: 154.
num_arena_deaths: 0.
num_vsnodes_births: 2.
num_vsnodes_deaths: 0.
num_space_committed: 178.
num_space_uncommitted: 0.
num_chunks_returned_to_freelist: 0.
num_chunks_taken_from_freelist: 197.
num_chunk_merges: 0.
num_chunk_splits: 118.
num_chunks_enlarged: 54.
num_inconsistent_stats: 0.

CodeHeap 'non-profiled nmethods': size=120000Kb used=373Kb max_used=373Kb free=119627Kb
 bounds [0x0000021076230000, 0x00000210764a0000, 0x000002107d760000]
CodeHeap 'profiled nmethods': size=120000Kb used=2096Kb max_used=2096Kb free=117903Kb
 bounds [0x000002106e760000, 0x000002106e9d0000, 0x0000021075c90000]
CodeHeap 'non-nmethods': size=5760Kb used=1626Kb max_used=1640Kb free=4133Kb
 bounds [0x0000021075c90000, 0x0000021075f00000, 0x0000021076230000]
 total_blobs=1940 nmethods=1261 adapters=584
 compilation: enabled
              stopped_count=0, restarted_count=0
 full_count=0

Compilation events (20 events):
Event: 5.558 Thread 0x000002107f0cbf10 nmethod 1253 0x000002106e964b90 code [0x000002106e964d40, 0x000002106e964ec8]
Event: 6.051 Thread 0x000002107f0cbf10 1254       3       javax.swing.ArrayTable::get (80 bytes)
Event: 6.052 Thread 0x000002107f0cbf10 nmethod 1254 0x000002106e965010 code [0x000002106e965220, 0x000002106e965a00]
Event: 6.052 Thread 0x000002107f0cbf10 1255       3       java.awt.Component::isDisplayable (13 bytes)
Event: 6.052 Thread 0x000002107f0cbf10 nmethod 1255 0x000002106e965c10 code [0x000002106e965da0, 0x000002106e965f10]
Event: 6.053 Thread 0x000002107f0cbf10 1256       3       sun.java2d.SunGraphics2D::getClip (9 bytes)
Event: 6.053 Thread 0x000002107f0cbf10 nmethod 1256 0x000002106e965f90 code [0x000002106e966140, 0x000002106e966288]
Event: 6.053 Thread 0x000002107f0cbf10 1257   !   3       sun.java2d.SunGraphics2D::untransformShape (44 bytes)
Event: 6.054 Thread 0x000002107f0cbf10 nmethod 1257 0x000002106e966310 code [0x000002106e966500, 0x000002106e966810]
Event: 6.054 Thread 0x000002107f0cbf10 1258       3       javax.swing.plaf.nimbus.ImageScalingHelper::drawImage (53 bytes)
Event: 6.054 Thread 0x000002107f0cbf10 nmethod 1258 0x000002106e966990 code [0x000002106e966b40, 0x000002106e966e00]
Event: 6.054 Thread 0x000002107f0cbf10 1259       3       sun.java2d.SunGraphics2D::setRenderingHint (543 bytes)
Event: 6.054 Thread 0x000002107f0c6b80 1261 %     4       sun.java2d.marlin.MarlinCache::copyAARowRLE_WithBlockFlags @ 269 (733 bytes)
Event: 6.055 Thread 0x000002107f0cbf10 nmethod 1259 0x000002106e966f10 code [0x000002106e967220, 0x000002106e968998]
Event: 6.055 Thread 0x000002107f0cbf10 1260       3       javax.swing.text.PlainView::updateMetrics (121 bytes)
Event: 6.056 Thread 0x000002107f0cbf10 nmethod 1260 0x000002106e968e10 code [0x000002106e9691a0, 0x000002106e96afb0]
Event: 6.056 Thread 0x000002107f0cbf10 1263       3       javax.swing.text.GapContent::length (17 bytes)
Event: 6.056 Thread 0x000002107f0cbf10 nmethod 1263 0x000002106e96b790 code [0x000002106e96b940, 0x000002106e96bc08]
Event: 6.056 Thread 0x000002107f0cbf10 1264       3       javax.swing.text.GapContent::getArrayLength (11 bytes)
Event: 6.056 Thread 0x000002107f0cbf10 nmethod 1264 0x000002106e96bd10 code [0x000002106e96bec0, 0x000002106e96c0e0]

GC Heap History (0 events):
No events

Dll operation events (9 events):
Event: 0.017 Loaded shared library C:\Program Files\Eclipse Adoptium\jdk-21.0.0.35-hotspot\bin\java.dll
Event: 0.079 Loaded shared library C:\Program Files\Eclipse Adoptium\jdk-21.0.0.35-hotspot\bin\jsvml.dll
Event: 0.134 Loaded shared library C:\Program Files\Eclipse Adoptium\jdk-21.0.0.35-hotspot\bin\net.dll
Event: 0.138 Loaded shared library C:\Program Files\Eclipse Adoptium\jdk-21.0.0.35-hotspot\bin\nio.dll
Event: 0.177 Loaded shared library C:\Program Files\Eclipse Adoptium\jdk-21.0.0.35-hotspot\bin\zip.dll
Event: 0.206 Loaded shared library C:\Program Files\Eclipse Adoptium\jdk-21.0.0.35-hotspot\bin\jimage.dll
Event: 0.235 Loaded shared library C:\Program Files\Eclipse Adoptium\jdk-21.0.0.35-hotspot\bin\awt.dll
Event: 0.421 Loaded shared library C:\Program Files\Eclipse Adoptium\jdk-21.0.0.35-hotspot\bin\freetype.dll
Event: 0.422 Loaded shared library C:\Program Files\Eclipse Adoptium\jdk-21.0.0.35-hotspot\bin\fontmanager.dll

Deoptimization events (20 events):
Event: 3.920 Thread 0x00000210493fe4e0 DEOPT PACKING pc=0x000002106e8edf99 sp=0x0000002ba2bfccd0
Event: 3.920 Thread 0x00000210493fe4e0 DEOPT UNPACKING pc=0x0000021075ce4e42 sp=0x0000002ba2bfc158 mode 0
Event: 3.921 Thread 0x00000210493fe4e0 DEOPT PACKING pc=0x000002106e8e515e sp=0x0000002ba2bfd150
Event: 3.921 Thread 0x00000210493fe4e0 DEOPT UNPACKING pc=0x0000021075ce4e42 sp=0x0000002ba2bfc5e0 mode 0
Event: 5.550 Thread 0x00000210493fe4e0 Uncommon trap: trap_request=0xffffffde fr.pc=0x0000021076241b48 relative=0x00000000000001a8
Event: 5.550 Thread 0x00000210493fe4e0 Uncommon trap: reason=class_check action=maybe_recompile pc=0x0000021076241b48 method=java.lang.String.equals(Ljava/lang/Object;)Z @ 8 c2
Event: 5.550 Thread 0x00000210493fe4e0 DEOPT PACKING pc=0x0000021076241b48 sp=0x0000002ba2bfdf30
Event: 5.550 Thread 0x00000210493fe4e0 DEOPT UNPACKING pc=0x0000021075ce46a2 sp=0x0000002ba2bfdec8 mode 2
Event: 5.550 Thread 0x00000210493fe4e0 Uncommon trap: trap_request=0xffffffde fr.pc=0x0000021076241b48 relative=0x00000000000001a8
Event: 5.550 Thread 0x00000210493fe4e0 Uncommon trap: reason=class_check action=maybe_recompile pc=0x0000021076241b48 method=java.lang.String.equals(Ljava/lang/Object;)Z @ 8 c2
Event: 5.550 Thread 0x00000210493fe4e0 DEOPT PACKING pc=0x0000021076241b48 sp=0x0000002ba2bfdf30
Event: 5.550 Thread 0x00000210493fe4e0 DEOPT UNPACKING pc=0x0000021075ce46a2 sp=0x0000002ba2bfdec8 mode 2
Event: 6.051 Thread 0x00000210493fe4e0 Uncommon trap: trap_request=0xffffffde fr.pc=0x0000021076241b48 relative=0x00000000000001a8
Event: 6.051 Thread 0x00000210493fe4e0 Uncommon trap: reason=class_check action=maybe_recompile pc=0x0000021076241b48 method=java.lang.String.equals(Ljava/lang/Object;)Z @ 8 c2
Event: 6.051 Thread 0x00000210493fe4e0 DEOPT PACKING pc=0x0000021076241b48 sp=0x0000002ba2bfdf30
Event: 6.051 Thread 0x00000210493fe4e0 DEOPT UNPACKING pc=0x0000021075ce46a2 sp=0x0000002ba2bfdec8 mode 2
Event: 6.051 Thread 0x00000210493fe4e0 Uncommon trap: trap_request=0xffffffde fr.pc=0x0000021076241b48 relative=0x00000000000001a8
Event: 6.051 Thread 0x00000210493fe4e0 Uncommon trap: reason=class_check action=maybe_recompile pc=0x0000021076241b48 method=java.lang.String.equals(Ljava/lang/Object;)Z @ 8 c2
Event: 6.051 Thread 0x00000210493fe4e0 DEOPT PACKING pc=0x0000021076241b48 sp=0x0000002ba2bfdf30
Event: 6.051 Thread 0x00000210493fe4e0 DEOPT UNPACKING pc=0x0000021075ce46a2 sp=0x0000002ba2bfdec8 mode 2

Classes loaded (20 events):
Event: 5.551 Loading class javax/swing/event/DocumentEvent$ElementChange
Event: 5.551 Loading class javax/swing/event/DocumentEvent$ElementChange done
Event: 5.551 Loading class javax/swing/JLayer
Event: 5.552 Loading class javax/swing/JLayer done
Event: 5.552 Loading class javax/swing/text/AbstractDocument$UndoRedoDocumentEvent
Event: 5.552 Loading class javax/swing/text/AbstractDocument$UndoRedoDocumentEvent done
Event: 5.552 Loading class javax/swing/event/CaretListener
Event: 5.552 Loading class javax/swing/event/CaretListener done
Event: 5.552 Loading class javax/swing/text/DefaultCaret$1
Event: 5.552 Loading class javax/swing/text/DefaultCaret$1 done
Event: 5.552 Loading class javax/swing/event/UndoableEditEvent
Event: 5.552 Loading class javax/swing/event/UndoableEditEvent done
Event: 5.552 Loading class javax/swing/text/AbstractDocument$DefaultDocumentEventUndoableWrapper
Event: 5.552 Loading class sun/swing/text/UndoableEditLockSupport
Event: 5.552 Loading class sun/swing/text/UndoableEditLockSupport done
Event: 5.552 Loading class javax/swing/text/AbstractDocument$DefaultDocumentEventUndoableWrapper done
Event: 5.552 Loading class javax/swing/event/UndoableEditListener
Event: 5.552 Loading class javax/swing/event/UndoableEditListener done
Event: 5.552 Loading class javax/swing/RepaintManager$3
Event: 5.552 Loading class javax/swing/RepaintManager$3 done

Classes unloaded (0 events):
No events

Classes redefined (0 events):
No events

Internal exceptions (20 events):
Event: 0.483 Thread 0x0000021063e45f30 Exception <a 'java/lang/ClassNotFoundException'{0x000000008baca8d8}: ToolBar> (0x000000008baca8d8) 
thrown [s\src\hotspot\share\classfile\systemDictionary.cpp, line 312]
Event: 0.483 Thread 0x0000021063e45f30 Exception <a 'java/lang/ClassNotFoundException'{0x000000008bacac48}: ToggleButton> (0x000000008bacac48) 
thrown [s\src\hotspot\share\classfile\systemDictionary.cpp, line 312]
Event: 0.483 Thread 0x0000021063e45f30 Exception <a 'java/lang/ClassNotFoundException'{0x000000008bacb088}: javax/swing/JToolBarSeparator> (0x000000008bacb088) 
thrown [s\src\hotspot\share\classfile\systemDictionary.cpp, line 312]
Event: 0.483 Thread 0x0000021063e45f30 Exception <a 'java/lang/ClassNotFoundException'{0x000000008bacb398}: ToolBarSeparator> (0x000000008bacb398) 
thrown [s\src\hotspot\share\classfile\systemDictionary.cpp, line 312]
Event: 0.483 Thread 0x0000021063e45f30 Exception <a 'java/lang/ClassNotFoundException'{0x000000008bacb8a0}: ToolTip> (0x000000008bacb8a0) 
thrown [s\src\hotspot\share\classfile\systemDictionary.cpp, line 312]
Event: 0.485 Thread 0x0000021063e45f30 Exception <a 'java/lang/ClassNotFoundException'{0x000000008bacc1e0}: Tree> (0x000000008bacc1e0) 
thrown [s\src\hotspot\share\classfile\systemDictionary.cpp, line 312]
Event: 0.485 Thread 0x0000021063e45f30 Exception <a 'java/lang/ClassNotFoundException'{0x000000008bacc6d8}: Tree> (0x000000008bacc6d8) 
thrown [s\src\hotspot\share\classfile\systemDictionary.cpp, line 312]
Event: 0.485 Thread 0x0000021063e45f30 Exception <a 'java/lang/ClassNotFoundException'{0x000000008bacca48}: javax/swing/JTreeCell> (0x000000008bacca48) 
thrown [s\src\hotspot\share\classfile\systemDictionary.cpp, line 312]
Event: 0.485 Thread 0x0000021063e45f30 Exception <a 'java/lang/ClassNotFoundException'{0x000000008baccd50}: TreeCell> (0x000000008baccd50) 
thrown [s\src\hotspot\share\classfile\systemDictionary.cpp, line 312]
Event: 0.485 Thread 0x0000021063e45f30 Exception <a 'java/lang/ClassNotFoundException'{0x000000008bacd4f8}: RootPane> (0x000000008bacd4f8) 
thrown [s\src\hotspot\share\classfile\systemDictionary.cpp, line 312]
Event: 0.487 Thread 0x0000021063e45f30 Exception <a 'java/lang/ClassNotFoundException'{0x000000008bad0288}: com/sun/swing/internal/plaf/metal/resources/spi/metalProvider> (0x000000008bad0288) 
thrown [s\src\hotspot\share\classfile\systemDictionary.cpp, line 312]
Event: 0.488 Thread 0x0000021063e45f30 Exception <a 'java/lang/ClassNotFoundException'{0x000000008bad3f88}: com/sun/swing/internal/plaf/basic/resources/spi/basicProvider> (0x000000008bad3f88) 
thrown [s\src\hotspot\share\classfile\systemDictionary.cpp, line 312]
Event: 0.526 Thread 0x00000210493fe4e0 Exception <a 'java/lang/ClassNotFoundException'{0x000000008b98a508}: com/sun/swing/internal/plaf/synth/resources/spi/synthProvider> (0x000000008b98a508) 
thrown [s\src\hotspot\share\classfile\systemDictionary.cpp, line 312]
Event: 0.554 Thread 0x00000210493fe4e0 Exception <a 'java/lang/NoSuchMethodError'{0x000000008b9cd5f0}: 'int java.lang.invoke.Invokers$Holder.invokeExact_MT(java.lang.Object, java.lang.Object)'> (0x000000008b9cd5f0) 
thrown [s\src\hotspot\share\interpreter\linkResolver.cpp, line 773]
Event: 0.565 Thread 0x00000210493fe4e0 Exception <a 'java/lang/NoSuchMethodError'{0x000000008b9db7a0}: 'java.lang.Object java.lang.invoke.DirectMethodHandle$Holder.newInvokeSpecial(java.lang.Object, java.lang.Object, int)'> (0x000000008b9db7a0) 
thrown [s\src\hotspot\share\interpreter\linkResolver.cpp, line 773]
Event: 0.566 Thread 0x00000210493fe4e0 Exception <a 'java/lang/NoSuchMethodError'{0x000000008b9e0650}: 'int java.lang.invoke.DirectMethodHandle$Holder.invokeSpecial(java.lang.Object, java.lang.Object, java.lang.Object, int)'> (0x000000008b9e0650) 
thrown [s\src\hotspot\share\interpreter\linkResolver.cpp, line 773]
Event: 0.568 Thread 0x00000210493fe4e0 Exception <a 'java/lang/NoSuchMethodError'{0x000000008b807090}: 'java.lang.Object java.lang.invoke.DirectMethodHandle$Holder.invokeStatic(java.lang.Object, java.lang.Object, java.lang.Object, java.lang.Object, int)'> (0x000000008b807090) 
thrown [s\src\hotspot\share\interpreter\linkResolver.cpp, line 773]
Event: 0.569 Thread 0x00000210493fe4e0 Exception <a 'java/lang/NoSuchMethodError'{0x000000008b80f488}: 'int java.lang.invoke.DirectMethodHandle$Holder.invokeSpecial(java.lang.Object, java.lang.Object, java.lang.Object)'> (0x000000008b80f488) 
thrown [s\src\hotspot\share\interpreter\linkResolver.cpp, line 773]
Event: 0.671 Thread 0x000002104924c620 Exception <a 'java/lang/NoSuchMethodError'{0x000000008bb0e5a8}: 'void java.lang.invoke.DirectMethodHandle$Holder.invokeVirtual(java.lang.Object, java.lang.Object)'> (0x000000008bb0e5a8) 
thrown [s\src\hotspot\share\interpreter\linkResolver.cpp, line 773]
Event: 0.686 Thread 0x00000210493fe4e0 Exception <a 'java/lang/NoSuchMethodError'{0x000000008b8bef10}: 'void java.lang.invoke.DirectMethodHandle$Holder.invokeStaticInit(java.lang.Object)'> (0x000000008b8bef10) 
thrown [s\src\hotspot\share\interpreter\linkResolver.cpp, line 773]

ZGC Phase Switch (0 events):
No events

VM Operations (20 events):
Event: 0.147 Executing VM operation: HandshakeAllThreads (Deoptimize)
Event: 0.147 Executing VM operation: HandshakeAllThreads (Deoptimize) done
Event: 0.591 Executing VM operation: HandshakeAllThreads (Deoptimize)
Event: 0.591 Executing VM operation: HandshakeAllThreads (Deoptimize) done
Event: 0.801 Executing VM operation: HandshakeAllThreads (Deoptimize)
Event: 0.801 Executing VM operation: HandshakeAllThreads (Deoptimize) done
Event: 0.842 Executing VM operation: HandshakeAllThreads (Deoptimize)
Event: 0.842 Executing VM operation: HandshakeAllThreads (Deoptimize) done
Event: 0.871 Executing VM operation: HandshakeAllThreads (Deoptimize)
Event: 0.871 Executing VM operation: HandshakeAllThreads (Deoptimize) done
Event: 1.877 Executing VM operation: Cleanup
Event: 1.877 Executing VM operation: Cleanup done
Event: 2.890 Executing VM operation: Cleanup
Event: 2.890 Executing VM operation: Cleanup done
Event: 3.901 Executing VM operation: Cleanup
Event: 3.901 Executing VM operation: Cleanup done
Event: 4.906 Executing VM operation: Cleanup
Event: 4.906 Executing VM operation: Cleanup done
Event: 5.918 Executing VM operation: Cleanup
Event: 5.918 Executing VM operation: Cleanup done

Events (20 events):
Event: 0.050 Thread 0x0000021063e45f30 Thread added: 0x0000021063e45f30
Event: 0.075 Thread 0x000002107f0b7730 Thread added: 0x000002107f0b7730
Event: 0.075 Thread 0x000002107f0b9300 Thread added: 0x000002107f0b9300
Event: 0.075 Thread 0x000002107f0bc2a0 Thread added: 0x000002107f0bc2a0
Event: 0.075 Thread 0x000002107f0bd190 Thread added: 0x000002107f0bd190
Event: 0.076 Thread 0x000002107f0be390 Thread added: 0x000002107f0be390
Event: 0.076 Thread 0x000002107f0bf6c0 Thread added: 0x000002107f0bf6c0
Event: 0.076 Thread 0x000002107f0c6b80 Thread added: 0x000002107f0c6b80
Event: 0.076 Thread 0x000002107f0cbf10 Thread added: 0x000002107f0cbf10
Event: 0.114 Thread 0x00000210490bb970 Thread added: 0x00000210490bb970
Event: 0.167 Thread 0x0000021049179780 Thread added: 0x0000021049179780
Event: 0.175 Thread 0x00000210492d7630 Thread added: 0x00000210492d7630
Event: 0.319 Thread 0x0000021049247930 Thread added: 0x0000021049247930
Event: 0.321 Thread 0x000002104924bfb0 Thread added: 0x000002104924bfb0
Event: 0.323 Thread 0x000002104924c620 Thread added: 0x000002104924c620
Event: 0.507 Thread 0x00000210493fe4e0 Thread added: 0x00000210493fe4e0
Event: 0.507 Thread 0x0000021063e45f30 Thread exited: 0x0000021063e45f30
Event: 0.508 Thread 0x0000021063e45f30 Thread added: 0x0000021063e45f30
Event: 0.816 Thread 0x00000210492d7630 Thread exited: 0x00000210492d7630
Event: 0.870 Thread 0x000002104a5c7890 Thread added: 0x000002104a5c7890


Dynamic libraries:
0x00007ff791240000 - 0x00007ff79124e000 	C:\Program Files\Eclipse Adoptium\jdk-21.0.0.35-hotspot\bin\java.exe
0x00007ffa23070000 - 0x00007ffa23287000 	C:\Windows\SYSTEM32\ntdll.dll
0x00007ffa21790000 - 0x00007ffa21854000 	C:\Windows\System32\KERNEL32.DLL
0x00007ffa208e0000 - 0x00007ffa20c86000 	C:\Windows\System32\KERNELBASE.dll
0x00007ffa20510000 - 0x00007ffa20621000 	C:\Windows\System32\ucrtbase.dll
0x00007ffa08e60000 - 0x00007ffa08e7b000 	C:\Program Files\Eclipse Adoptium\jdk-21.0.0.35-hotspot\bin\VCRUNTIME140.dll
0x00007ff9f6ee0000 - 0x00007ff9f6ef8000 	C:\Program Files\Eclipse Adoptium\jdk-21.0.0.35-hotspot\bin\jli.dll
0x00007ffa21070000 - 0x00007ffa2121d000 	C:\Windows\System32\USER32.dll
0x00007ffa208b0000 - 0x00007ffa208d6000 	C:\Windows\System32\win32u.dll
0x00007ffa22a50000 - 0x00007ffa22a79000 	C:\Windows\System32\GDI32.dll
0x00007ffa203f0000 - 0x00007ffa20508000 	C:\Windows\System32\gdi32full.dll
0x00007ffa1f6d0000 - 0x00007ffa1f963000 	C:\Windows\WinSxS\amd64_microsoft.windows.common-controls_6595b64144ccf1df_6.0.22621.2361_none_2712ced57382f843\COMCTL32.dll
0x00007ffa207a0000 - 0x00007ffa2083a000 	C:\Windows\System32\msvcp_win.dll
0x00007ffa22640000 - 0x00007ffa226e7000 	C:\Windows\System32\msvcrt.dll
0x00007ffa21a10000 - 0x00007ffa21a41000 	C:\Windows\System32\IMM32.DLL
0x00007ffa0a980000 - 0x00007ffa0a98c000 	C:\Program Files\Eclipse Adoptium\jdk-21.0.0.35-hotspot\bin\vcruntime140_1.dll
0x00007ff9cb350000 - 0x00007ff9cb3de000 	C:\Program Files\Eclipse Adoptium\jdk-21.0.0.35-hotspot\bin\msvcp140.dll
0x00007ff9cb650000 - 0x00007ff9cc3cf000 	C:\Program Files\Eclipse Adoptium\jdk-21.0.0.35-hotspot\bin\server\jvm.dll
0x00007ffa215b0000 - 0x00007ffa21660000 	C:\Windows\System32\ADVAPI32.dll
0x00007ffa21960000 - 0x00007ffa21a06000 	C:\Windows\System32\sechost.dll
0x00007ffa22870000 - 0x00007ffa22987000 	C:\Windows\System32\RPCRT4.dll
0x00007ffa20f90000 - 0x00007ffa21001000 	C:\Windows\System32\WS2_32.dll
0x00007ffa15260000 - 0x00007ffa15294000 	C:\Windows\SYSTEM32\WINMM.dll
0x00007ffa20110000 - 0x00007ffa2015d000 	C:\Windows\SYSTEM32\POWRPROF.dll
0x00007ffa1e600000 - 0x00007ffa1e60a000 	C:\Windows\SYSTEM32\VERSION.dll
0x00007ffa200f0000 - 0x00007ffa20103000 	C:\Windows\SYSTEM32\UMPDC.dll
0x00007ffa1e490000 - 0x00007ffa1e4a8000 	C:\Windows\SYSTEM32\kernel.appcore.dll
0x00007ffa0a7f0000 - 0x00007ffa0a7fa000 	C:\Program Files\Eclipse Adoptium\jdk-21.0.0.35-hotspot\bin\jimage.dll
0x00007ffa1fc80000 - 0x00007ffa1feae000 	C:\Windows\SYSTEM32\DBGHELP.DLL
0x00007ffa21220000 - 0x00007ffa215aa000 	C:\Windows\System32\combase.dll
0x00007ffa22700000 - 0x00007ffa227d7000 	C:\Windows\System32\OLEAUT32.dll
0x00007ffa1fb40000 - 0x00007ffa1fb72000 	C:\Windows\SYSTEM32\dbgcore.DLL
0x00007ffa20d50000 - 0x00007ffa20dca000 	C:\Windows\System32\bcryptPrimitives.dll
0x00007ffa08e00000 - 0x00007ffa08e1f000 	C:\Program Files\Eclipse Adoptium\jdk-21.0.0.35-hotspot\bin\java.dll
0x00007ffa21de0000 - 0x00007ffa22638000 	C:\Windows\System32\SHELL32.dll
0x00007ffa1d3f0000 - 0x00007ffa1dce2000 	C:\Windows\SYSTEM32\windows.storage.dll
0x00007ffa1d2b0000 - 0x00007ffa1d3ee000 	C:\Windows\SYSTEM32\wintypes.dll
0x00007ffa21860000 - 0x00007ffa21953000 	C:\Windows\System32\SHCORE.dll
0x00007ffa22b50000 - 0x00007ffa22bae000 	C:\Windows\System32\shlwapi.dll
0x00007ffa20320000 - 0x00007ffa20346000 	C:\Windows\SYSTEM32\profapi.dll
0x00007ff9cb570000 - 0x00007ff9cb647000 	C:\Program Files\Eclipse Adoptium\jdk-21.0.0.35-hotspot\bin\jsvml.dll
0x00007ffa0a750000 - 0x00007ffa0a760000 	C:\Program Files\Eclipse Adoptium\jdk-21.0.0.35-hotspot\bin\net.dll
0x00007ffa196d0000 - 0x00007ffa19807000 	C:\Windows\SYSTEM32\WINHTTP.dll
0x00007ffa1f2d0000 - 0x00007ffa1f339000 	C:\Windows\system32\mswsock.dll
0x00007ffa08d20000 - 0x00007ffa08d36000 	C:\Program Files\Eclipse Adoptium\jdk-21.0.0.35-hotspot\bin\nio.dll
0x00007ffa08d00000 - 0x00007ffa08d18000 	C:\Program Files\Eclipse Adoptium\jdk-21.0.0.35-hotspot\bin\zip.dll
0x00007ff9cb3e0000 - 0x00007ff9cb56d000 	C:\Program Files\Eclipse Adoptium\jdk-21.0.0.35-hotspot\bin\awt.dll
0x00007ffa1c6b0000 - 0x00007ffa1c747000 	C:\Windows\SYSTEM32\apphelp.dll
0x00007ffa1c870000 - 0x00007ffa1c91b000 	C:\Windows\system32\uxtheme.dll
0x00007ffa21c20000 - 0x00007ffa21d6c000 	C:\Windows\System32\MSCTF.dll
0x00007ffa20df0000 - 0x00007ffa20f8f000 	C:\Windows\System32\ole32.dll
0x00007ffa1cad0000 - 0x00007ffa1cafb000 	C:\Windows\system32\DWMAPI.DLL
0x00007ff9cb1c0000 - 0x00007ff9cb247000 	C:\Program Files\Eclipse Adoptium\jdk-21.0.0.35-hotspot\bin\freetype.dll
0x00007ff9cb0e0000 - 0x00007ff9cb1b3000 	C:\Program Files\Eclipse Adoptium\jdk-21.0.0.35-hotspot\bin\fontmanager.dll
0x00007ff9cb250000 - 0x00007ff9cb350000 	C:\Windows\system32\opengl32.dll
0x00007ffa06c10000 - 0x00007ffa06c3d000 	C:\Windows\SYSTEM32\GLU32.dll
0x00007ffa1c980000 - 0x00007ffa1c9b6000 	C:\Windows\SYSTEM32\dxcore.dll
0x00007ffa229a0000 - 0x00007ffa22a50000 	C:\Windows\System32\clbcatq.dll
0x00007ffa1ae80000 - 0x00007ffa1b030000 	C:\Windows\SYSTEM32\WindowsCodecs.dll
0x00007ff9f9c30000 - 0x00007ff9f9c8e000 	C:\Windows\system32\dataexchange.dll
0x00007ffa177f0000 - 0x00007ffa17a75000 	C:\Windows\system32\twinapi.appcore.dll
0x00007ffa09470000 - 0x00007ffa095ba000 	C:\Windows\SYSTEM32\textinputframework.dll
0x00007ffa1c2e0000 - 0x00007ffa1c413000 	C:\Windows\SYSTEM32\CoreMessaging.dll
0x00007ffa19930000 - 0x00007ffa19c9c000 	C:\Windows\SYSTEM32\CoreUIComponents.dll
0x00007ffa1f440000 - 0x00007ffa1f44c000 	C:\Windows\SYSTEM32\CRYPTBASE.DLL

dbghelp: loaded successfully - version: 4.0.5 - missing functions: none
symbol engine: initialized successfully - sym options: 0x614 - pdb path: .;C:\Program Files\Eclipse Adoptium\jdk-21.0.0.35-hotspot\bin;C:\Windows\SYSTEM32;C:\Windows\WinSxS\amd64_microsoft.windows.common-controls_6595b64144ccf1df_6.0.22621.2361_none_2712ced57382f843;C:\Program Files\Eclipse Adoptium\jdk-21.0.0.35-hotspot\bin\server

VM Arguments:
jvm_args: -Dfile.encoding=UTF-8 --module-path=C:\Users\USER\OneDrive\Desktop\NetBeansProjects\registration\build\classes 
java_command: Main
java_class_path (initial): C:\Users\USER\OneDrive\Desktop;C:\Users\USER\OneDrive\Desktop\mysql-connector-j-8.2.0\mysql-connector-j-8.2.0\mysql-connector-j-8.2.0.jar;C:\Users\USER\OneDrive\Desktop\NetBeansProjects\registration\build\classes
Launcher Type: SUN_STANDARD

[Global flags]
     intx CICompilerCount                          = 4                                         {product} {ergonomic}
     uint ConcGCThreads                            = 3                                         {product} {ergonomic}
     uint G1ConcRefinementThreads                  = 10                                        {product} {ergonomic}
   size_t G1HeapRegionSize                         = 1048576                                   {product} {ergonomic}
    uintx GCDrainStackTargetSize                   = 64                                        {product} {ergonomic}
   size_t InitialHeapSize                          = 130023424                                 {product} {ergonomic}
   size_t MarkStackSize                            = 4194304                                   {product} {ergonomic}
   size_t MaxHeapSize                              = 2076180480                                {product} {ergonomic}
   size_t MaxNewSize                               = 1245708288                                {product} {ergonomic}
   size_t MinHeapDeltaBytes                        = 1048576                                   {product} {ergonomic}
   size_t MinHeapSize                              = 8388608                                   {product} {ergonomic}
    uintx NonNMethodCodeHeapSize                   = 5839372                                {pd product} {ergonomic}
    uintx NonProfiledCodeHeapSize                  = 122909434                              {pd product} {ergonomic}
    uintx ProfiledCodeHeapSize                     = 122909434                              {pd product} {ergonomic}
    uintx ReservedCodeCacheSize                    = 251658240                              {pd product} {ergonomic}
     bool SegmentedCodeCache                       = true                                      {product} {ergonomic}
   size_t SoftMaxHeapSize                          = 2076180480                             {manageable} {ergonomic}
     bool UseCompressedOops                        = true                           {product lp64_product} {ergonomic}
     bool UseG1GC                                  = true                                      {product} {ergonomic}
     bool UseLargePagesIndividualAllocation        = false                                  {pd product} {ergonomic}

Logging:
Log output configuration:
 #0: stdout all=warning uptime,level,tags foldmultilines=false
 #1: stderr all=off uptime,level,tags foldmultilines=false

Environment Variables:
PATH=C:\Program Files\Eclipse Adoptium\jdk-21.0.0.35-hotspot\bin;C:\Windows\system32;C:\Windows;C:\Windows\System32\Wbem;C:\Windows\System32\WindowsPowerShell\v1.0\;C:\Windows\System32\OpenSSH\;C:\Program Files\Java\jdk-21\bin;C:\Program Files\Java\jdk-21;C:\Program Files\Java\jdk-21;C:\Program Files\Java\jdk-21\bin;C:\Program Files\Java\jdk-21\bin;C:\Users\USER\AppData\Local\Microsoft\WindowsApps;C:\Users\USER\AppData\Local\Programs\Microsoft VS Code\bin;C:\Program Files\Java\jdk-21\bin;
USERNAME=USER
OS=Windows_NT
PROCESSOR_IDENTIFIER=Intel64 Family 6 Model 154 Stepping 4, GenuineIntel
TMP=C:\Users\USER\AppData\Local\Temp
TEMP=C:\Users\USER\AppData\Local\Temp




---------------  S Y S T E M  ---------------

OS:
 Windows 11 , 64 bit Build 22621 (10.0.22621.2428)
OS uptime: 1 days 11:12 hours
Hyper-V role detected

CPU: total 12 (initial active 12) (6 cores per cpu, 2 threads per core) family 6 model 154 stepping 4 microcode 0x424, cx8, cmov, fxsr, ht, mmx, 3dnowpref, sse, sse2, sse3, ssse3, sse4.1, sse4.2, popcnt, lzcnt, tsc, tscinvbit, avx, avx2, aes, erms, clmul, bmi1, bmi2, adx, sha, fma, vzeroupper, clflush, clflushopt, clwb, hv, serialize, rdtscp, rdpid, fsrm, f16c, cet_ibt, cet_ss
Processor Information for processor 0
  Max Mhz: 1300, Current Mhz: 1300, Mhz Limit: 1300
Processor Information for processor 1
  Max Mhz: 1300, Current Mhz: 1300, Mhz Limit: 1300
Processor Information for processor 2
  Max Mhz: 1300, Current Mhz: 1300, Mhz Limit: 1300
Processor Information for processor 3
  Max Mhz: 1300, Current Mhz: 1300, Mhz Limit: 1300
Processor Information for processor 4
  Max Mhz: 900, Current Mhz: 900, Mhz Limit: 900
Processor Information for processor 5
  Max Mhz: 900, Current Mhz: 900, Mhz Limit: 900
Processor Information for processor 6
  Max Mhz: 900, Current Mhz: 900, Mhz Limit: 900
Processor Information for processor 7
  Max Mhz: 900, Current Mhz: 900, Mhz Limit: 900
Processor Information for processor 8
  Max Mhz: 900, Current Mhz: 900, Mhz Limit: 900
Processor Information for processor 9
  Max Mhz: 900, Current Mhz: 900, Mhz Limit: 900
Processor Information for processor 10
  Max Mhz: 900, Current Mhz: 900, Mhz Limit: 900
Processor Information for processor 11
  Max Mhz: 900, Current Mhz: 900, Mhz Limit: 900

Memory: 4k page, system-wide physical 7916M (1188M free)
TotalPageFile size 32492M (AvailPageFile size 2M)
current process WorkingSet (physical memory assigned to process): 76M, peak: 77M
current process commit charge ("private bytes"): 230M, peak: 232M

vm_info: OpenJDK 64-Bit Server VM (21+35-LTS) for windows-amd64 JRE (21+35-LTS), built on 2023-09-19T00:00:00Z by "admin" with unknown MS VC++:1937

END.
