#
# There is insufficient memory for the Java Runtime Environment to continue.
# Native memory allocation (mmap) failed to map 130023424 bytes for G1 virtual space
# Possible reasons:
#   The system is out of physical RAM or swap space
#   The process is running with CompressedOops enabled, and the Java Heap may be blocking the growth of the native heap
# Possible solutions:
#   Reduce memory load on the system
#   Increase physical memory or swap space
#   Check if swap backing store is full
#   Decrease Java heap size (-Xmx/-Xms)
#   Decrease number of Java threads
#   Decrease Java thread stack sizes (-Xss)
#   Set larger code cache with -XX:ReservedCodeCacheSize=
#   JVM is running with Unscaled Compressed Oops mode in which the Java heap is
#     placed in the first 4GB address space. The Java Heap base address is the
#     maximum limit for the native heap growth. Please use -XX:HeapBaseMinAddress
#     to set the Java Heap base and to place the Java Heap above 4GB virtual address.
# This output file may be truncated or incomplete.
#
#  Out of Memory Error (os_windows.cpp:3600), pid=12872, tid=10120
#
# JRE version:  (21.0+35) (build )
# Java VM: OpenJDK 64-Bit Server VM (21+35-LTS, mixed mode, sharing, tiered, compressed oops, compressed class ptrs, g1 gc, windows-amd64)
# No core dump will be written. Minidumps are not enabled by default on client versions of Windows
#

---------------  S U M M A R Y ------------

Command Line: -Dfile.encoding=UTF-8 --module-path=C:\Users\USER\OneDrive\Desktop\NetBeansProjects\registration\build\classes Main

Host: 12th Gen Intel(R) Core(TM) i5-1235U, 12 cores, 7G,  Windows 11 , 64 bit Build 22621 (10.0.22621.2428)
Time: Fri Nov 24 10:16:24 2023 South Africa Standard Time elapsed time: 0.029359 seconds (0d 0h 0m 0s)

---------------  T H R E A D  ---------------

Current thread (0x000001ff8a567300):  JavaThread "Unknown thread" [_thread_in_vm, id=10120, stack(0x000000e52ae00000,0x000000e52af00000) (1024K)]

Stack: [0x000000e52ae00000,0x000000e52af00000]
Native frames: (J=compiled Java code, j=interpreted, Vv=VM code, C=native code)
V  [jvm.dll+0x6c74b9]
V  [jvm.dll+0x8a1501]
V  [jvm.dll+0x8a393e]
V  [jvm.dll+0x8a4003]
V  [jvm.dll+0x27f6e6]
V  [jvm.dll+0x6c3c35]
V  [jvm.dll+0x6b892a]
V  [jvm.dll+0x35341a]
V  [jvm.dll+0x35afc6]
V  [jvm.dll+0x3ac08e]
V  [jvm.dll+0x3ac338]
V  [jvm.dll+0x32765c]
V  [jvm.dll+0x3281bb]
V  [jvm.dll+0x86a5f9]
V  [jvm.dll+0x3b9041]
V  [jvm.dll+0x852e48]
V  [jvm.dll+0x44cdbe]
V  [jvm.dll+0x44e841]
C  [jli.dll+0x5278]
C  [ucrtbase.dll+0x29363]
C  [KERNEL32.DLL+0x1257d]
C  [ntdll.dll+0x5aa78]


---------------  P R O C E S S  ---------------

Threads class SMR info:
_java_thread_list=0x00007ff9ca85c088, length=0, elements={
}

Java Threads: ( => current thread )
Total: 0

Other Threads:
  0x000001ff8a724590 WorkerThread "GC Thread#0"                     [id=11840, stack(0x000000e52af00000,0x000000e52b000000) (1024K)]
  0x000001ff8a734cf0 ConcurrentGCThread "G1 Main Marker"            [id=10568, stack(0x000000e52b000000,0x000000e52b100000) (1024K)]
  0x000001ff8a7357f0 WorkerThread "G1 Conc#0"                       [id=7712, stack(0x000000e52b100000,0x000000e52b200000) (1024K)]

[error occurred during error reporting (printing all threads), id 0xc0000005, EXCEPTION_ACCESS_VIOLATION (0xc0000005) at pc=0x00007ff9c9f69f87]
VM state: not at safepoint (not fully initialized)

VM Mutex/Monitor currently owned by a thread:  ([mutex/lock_event])
[0x00007ff9ca8cfaf8] Heap_lock - owner thread: 0x000001ff8a567300

Heap address: 0x0000000084400000, size: 1980 MB, Compressed Oops mode: 32-bit

CDS archive(s) mapped at: [0x0000000000000000-0x0000000000000000-0x0000000000000000), size 0, SharedBaseAddress: 0x0000000800000000, ArchiveRelocationMode: 1.
Narrow klass base: 0x0000000000000000, Narrow klass shift: 0, Narrow klass range: 0x0

GC Precious Log:
 CardTable entry size: 512
 Card Set container configuration: InlinePtr #cards 5 size 8 Array Of Cards #cards 12 size 40 Howl #buckets 4 coarsen threshold 1843 Howl Bitmap #cards 512 size 80 coarsen threshold 460 Card regions per heap region 1 cards per card region 2048

Heap:
 garbage-first heap   total 0K, used 0K [0x0000000084400000, 0x0000000100000000)
  region size 1024K, 0 young (0K), 0 survivors (0K)

[error occurred during error reporting (printing heap information), id 0xc0000005, EXCEPTION_ACCESS_VIOLATION (0xc0000005) at pc=0x00007ff9ca350369]
GC Heap History (0 events):
No events

Dll operation events (1 events):
Event: 0.022 Loaded shared library C:\Program Files\Eclipse Adoptium\jdk-21.0.0.35-hotspot\bin\java.dll

Deoptimization events (0 events):
No events

Classes loaded (0 events):
No events

Classes unloaded (0 events):
No events

Classes redefined (0 events):
No events

Internal exceptions (0 events):
No events

ZGC Phase Switch (0 events):
No events

VM Operations (0 events):
No events

Events (0 events):
No events


Dynamic libraries:
0x00007ff791240000 - 0x00007ff79124e000 	C:\Program Files\Eclipse Adoptium\jdk-21.0.0.35-hotspot\bin\java.exe
0x00007ffa23070000 - 0x00007ffa23287000 	C:\Windows\SYSTEM32\ntdll.dll
0x00007ffa21790000 - 0x00007ffa21854000 	C:\Windows\System32\KERNEL32.DLL
0x00007ffa208e0000 - 0x00007ffa20c86000 	C:\Windows\System32\KERNELBASE.dll
0x00007ffa20510000 - 0x00007ffa20621000 	C:\Windows\System32\ucrtbase.dll
0x00007ffa1eec0000 - 0x00007ffa1eed8000 	C:\Program Files\Eclipse Adoptium\jdk-21.0.0.35-hotspot\bin\jli.dll
0x00007ffa09cd0000 - 0x00007ffa09ceb000 	C:\Program Files\Eclipse Adoptium\jdk-21.0.0.35-hotspot\bin\VCRUNTIME140.dll
0x00007ffa21070000 - 0x00007ffa2121d000 	C:\Windows\System32\USER32.dll
0x00007ffa208b0000 - 0x00007ffa208d6000 	C:\Windows\System32\win32u.dll
0x00007ffa22a50000 - 0x00007ffa22a79000 	C:\Windows\System32\GDI32.dll
0x00007ffa1f6d0000 - 0x00007ffa1f963000 	C:\Windows\WinSxS\amd64_microsoft.windows.common-controls_6595b64144ccf1df_6.0.22621.2361_none_2712ced57382f843\COMCTL32.dll
0x00007ffa203f0000 - 0x00007ffa20508000 	C:\Windows\System32\gdi32full.dll
0x00007ffa22640000 - 0x00007ffa226e7000 	C:\Windows\System32\msvcrt.dll
0x00007ffa207a0000 - 0x00007ffa2083a000 	C:\Windows\System32\msvcp_win.dll
0x00007ffa21a10000 - 0x00007ffa21a41000 	C:\Windows\System32\IMM32.DLL
0x00007ffa12190000 - 0x00007ffa1219c000 	C:\Program Files\Eclipse Adoptium\jdk-21.0.0.35-hotspot\bin\vcruntime140_1.dll
0x00007ff9cbbe0000 - 0x00007ff9cbc6e000 	C:\Program Files\Eclipse Adoptium\jdk-21.0.0.35-hotspot\bin\msvcp140.dll
0x00007ff9c9c30000 - 0x00007ff9ca9af000 	C:\Program Files\Eclipse Adoptium\jdk-21.0.0.35-hotspot\bin\server\jvm.dll
0x00007ffa215b0000 - 0x00007ffa21660000 	C:\Windows\System32\ADVAPI32.dll
0x00007ffa21960000 - 0x00007ffa21a06000 	C:\Windows\System32\sechost.dll
0x00007ffa22870000 - 0x00007ffa22987000 	C:\Windows\System32\RPCRT4.dll
0x00007ffa20f90000 - 0x00007ffa21001000 	C:\Windows\System32\WS2_32.dll
0x00007ffa20110000 - 0x00007ffa2015d000 	C:\Windows\SYSTEM32\POWRPROF.dll
0x00007ffa15260000 - 0x00007ffa15294000 	C:\Windows\SYSTEM32\WINMM.dll
0x00007ffa1e600000 - 0x00007ffa1e60a000 	C:\Windows\SYSTEM32\VERSION.dll
0x00007ffa200f0000 - 0x00007ffa20103000 	C:\Windows\SYSTEM32\UMPDC.dll
0x00007ffa1e490000 - 0x00007ffa1e4a8000 	C:\Windows\SYSTEM32\kernel.appcore.dll
0x00007ffa109e0000 - 0x00007ffa109ea000 	C:\Program Files\Eclipse Adoptium\jdk-21.0.0.35-hotspot\bin\jimage.dll
0x00007ffa1fc80000 - 0x00007ffa1feae000 	C:\Windows\SYSTEM32\DBGHELP.DLL
0x00007ffa21220000 - 0x00007ffa215aa000 	C:\Windows\System32\combase.dll
0x00007ffa22700000 - 0x00007ffa227d7000 	C:\Windows\System32\OLEAUT32.dll
0x00007ffa1fb40000 - 0x00007ffa1fb72000 	C:\Windows\SYSTEM32\dbgcore.DLL
0x00007ffa20d50000 - 0x00007ffa20dca000 	C:\Windows\System32\bcryptPrimitives.dll
0x00007ffa09c70000 - 0x00007ffa09c8f000 	C:\Program Files\Eclipse Adoptium\jdk-21.0.0.35-hotspot\bin\java.dll

dbghelp: loaded successfully - version: 4.0.5 - missing functions: none
symbol engine: initialized successfully - sym options: 0x614 - pdb path: .;C:\Program Files\Eclipse Adoptium\jdk-21.0.0.35-hotspot\bin;C:\Windows\SYSTEM32;C:\Windows\WinSxS\amd64_microsoft.windows.common-controls_6595b64144ccf1df_6.0.22621.2361_none_2712ced57382f843;C:\Program Files\Eclipse Adoptium\jdk-21.0.0.35-hotspot\bin\server

VM Arguments:
jvm_args: -Dfile.encoding=UTF-8 --module-path=C:\Users\USER\OneDrive\Desktop\NetBeansProjects\registration\build\classes 
java_command: Main
java_class_path (initial): C:\Users\USER\OneDrive\Desktop;C:\Users\USER\OneDrive\Desktop\mysql-connector-j-8.2.0\mysql-connector-j-8.2.0\mysql-connector-j-8.2.0.jar;C:\Users\USER\OneDrive\Desktop\NetBeansProjects\registration\build\classes
Launcher Type: SUN_STANDARD

[Global flags]
     intx CICompilerCount                          = 4                                         {product} {ergonomic}
     uint ConcGCThreads                            = 3                                         {product} {ergonomic}
     uint G1ConcRefinementThreads                  = 10                                        {product} {ergonomic}
   size_t G1HeapRegionSize                         = 1048576                                   {product} {ergonomic}
    uintx GCDrainStackTargetSize                   = 64                                        {product} {ergonomic}
   size_t InitialHeapSize                          = 130023424                                 {product} {ergonomic}
   size_t MarkStackSize                            = 4194304                                   {product} {ergonomic}
   size_t MaxHeapSize                              = 2076180480                                {product} {ergonomic}
   size_t MinHeapDeltaBytes                        = 1048576                                   {product} {ergonomic}
   size_t MinHeapSize                              = 8388608                                   {product} {ergonomic}
    uintx NonNMethodCodeHeapSize                   = 5839372                                {pd product} {ergonomic}
    uintx NonProfiledCodeHeapSize                  = 122909434                              {pd product} {ergonomic}
    uintx ProfiledCodeHeapSize                     = 122909434                              {pd product} {ergonomic}
    uintx ReservedCodeCacheSize                    = 251658240                              {pd product} {ergonomic}
     bool SegmentedCodeCache                       = true                                      {product} {ergonomic}
   size_t SoftMaxHeapSize                          = 2076180480                             {manageable} {ergonomic}
     bool UseCompressedOops                        = true                           {product lp64_product} {ergonomic}
     bool UseG1GC                                  = true                                      {product} {ergonomic}
     bool UseLargePagesIndividualAllocation        = false                                  {pd product} {ergonomic}

Logging:
Log output configuration:
 #0: stdout all=warning uptime,level,tags foldmultilines=false
 #1: stderr all=off uptime,level,tags foldmultilines=false

Environment Variables:
PATH=C:\Program Files\Eclipse Adoptium\jdk-21.0.0.35-hotspot\bin;C:\Windows\system32;C:\Windows;C:\Windows\System32\Wbem;C:\Windows\System32\WindowsPowerShell\v1.0\;C:\Windows\System32\OpenSSH\;C:\Program Files\Java\jdk-21\bin;C:\Program Files\Java\jdk-21;C:\Program Files\Java\jdk-21;C:\Program Files\Java\jdk-21\bin;C:\Program Files\Java\jdk-21\bin;C:\Users\USER\AppData\Local\Microsoft\WindowsApps;C:\Users\USER\AppData\Local\Programs\Microsoft VS Code\bin;C:\Program Files\Java\jdk-21\bin;
USERNAME=USER
OS=Windows_NT
PROCESSOR_IDENTIFIER=Intel64 Family 6 Model 154 Stepping 4, GenuineIntel
TMP=C:\Users\USER\AppData\Local\Temp
TEMP=C:\Users\USER\AppData\Local\Temp




---------------  S Y S T E M  ---------------

OS:
 Windows 11 , 64 bit Build 22621 (10.0.22621.2428)
OS uptime: 1 days 11:13 hours
Hyper-V role detected

CPU: total 12 (initial active 12) (6 cores per cpu, 2 threads per core) family 6 model 154 stepping 4 microcode 0x424, cx8, cmov, fxsr, ht, mmx, 3dnowpref, sse, sse2, sse3, ssse3, sse4.1, sse4.2, popcnt, lzcnt, tsc, tscinvbit, avx, avx2, aes, erms, clmul, bmi1, bmi2, adx, sha, fma, vzeroupper, clflush, clflushopt, clwb, hv, serialize, rdtscp, rdpid, fsrm, f16c, cet_ibt, cet_ss
Processor Information for processor 0
  Max Mhz: 1300, Current Mhz: 1300, Mhz Limit: 1300
Processor Information for processor 1
  Max Mhz: 1300, Current Mhz: 1300, Mhz Limit: 1300
Processor Information for processor 2
  Max Mhz: 1300, Current Mhz: 1300, Mhz Limit: 1300
Processor Information for processor 3
  Max Mhz: 1300, Current Mhz: 1300, Mhz Limit: 1300
Processor Information for processor 4
  Max Mhz: 900, Current Mhz: 900, Mhz Limit: 900
Processor Information for processor 5
  Max Mhz: 900, Current Mhz: 900, Mhz Limit: 900
Processor Information for processor 6
  Max Mhz: 900, Current Mhz: 900, Mhz Limit: 900
Processor Information for processor 7
  Max Mhz: 900, Current Mhz: 900, Mhz Limit: 900
Processor Information for processor 8
  Max Mhz: 900, Current Mhz: 900, Mhz Limit: 900
Processor Information for processor 9
  Max Mhz: 900, Current Mhz: 900, Mhz Limit: 900
Processor Information for processor 10
  Max Mhz: 900, Current Mhz: 900, Mhz Limit: 900
Processor Information for processor 11
  Max Mhz: 900, Current Mhz: 900, Mhz Limit: 900

Memory: 4k page, system-wide physical 7916M (1625M free)
TotalPageFile size 32492M (AvailPageFile size 10M)
current process WorkingSet (physical memory assigned to process): 11M, peak: 11M
current process commit charge ("private bytes"): 64M, peak: 188M

vm_info: OpenJDK 64-Bit Server VM (21+35-LTS) for windows-amd64 JRE (21+35-LTS), built on 2023-09-19T00:00:00Z by "admin" with unknown MS VC++:1937

END.
